2025-03-07 01:18:11 - INFO - testCases.TC01_AccountRegistrationTest - ***** Starting TC01_AccountRegistrationTest *******
2025-03-07 01:18:11 - INFO - testCases.TC01_AccountRegistrationTest - ****** Clicked on Account link ******
2025-03-07 01:18:11 - INFO - testCases.TC01_AccountRegistrationTest - ****** Clicked on Register l ink ******
2025-03-07 01:18:12 - INFO - testCases.TC01_AccountRegistrationTest - ****** Filled Personal Details ******
2025-03-07 01:18:12 - INFO - testCases.TC01_AccountRegistrationTest - ****** Checked Policy Checkbox ******
2025-03-07 01:18:13 - INFO - testCases.TC01_AccountRegistrationTest - ****** Validating exepected message ******
2025-03-07 01:18:13 - INFO - testCases.TC01_AccountRegistrationTest - ***** Finished TC01_AccountRegistrationTest *******
2025-03-07 01:18:17 - INFO - testCases.TC02_LoginTest - ***** Starting TC02_LoginTest *******
2025-03-07 01:18:19 - INFO - testCases.TC02_LoginTest - ***** Finished TC02_LoginTest *******
2025-03-07 01:18:28 - INFO - testCases.TC01_AccountRegistrationTest - ***** Starting TC01_AccountRegistrationTest *******
2025-03-07 01:18:29 - INFO - testCases.TC01_AccountRegistrationTest - ****** Clicked on Account link ******
2025-03-07 01:18:29 - INFO - testCases.TC01_AccountRegistrationTest - ****** Clicked on Register l ink ******
2025-03-07 01:18:30 - INFO - testCases.TC01_AccountRegistrationTest - ****** Filled Personal Details ******
2025-03-07 01:18:30 - INFO - testCases.TC01_AccountRegistrationTest - ****** Checked Policy Checkbox ******
2025-03-07 01:18:31 - INFO - testCases.TC01_AccountRegistrationTest - ****** Validating exepected message ******
2025-03-07 01:18:31 - INFO - testCases.TC01_AccountRegistrationTest - ***** Finished TC01_AccountRegistrationTest *******
2025-03-07 01:18:37 - INFO - testCases.TC02_LoginTest - ***** Starting TC02_LoginTest *******
2025-03-07 01:18:39 - INFO - testCases.TC02_LoginTest - ***** Finished TC02_LoginTest *******
2025-03-07 01:20:18 - INFO - testCases.TC01_AccountRegistrationTest - ***** Starting TC01_AccountRegistrationTest *******
2025-03-07 01:20:18 - INFO - testCases.TC01_AccountRegistrationTest - ****** Clicked on Account link ******
2025-03-07 01:20:19 - INFO - testCases.TC01_AccountRegistrationTest - ****** Clicked on Register l ink ******
2025-03-07 01:20:19 - INFO - testCases.TC01_AccountRegistrationTest - ****** Filled Personal Details ******
2025-03-07 01:20:19 - INFO - testCases.TC01_AccountRegistrationTest - ****** Checked Policy Checkbox ******
2025-03-07 01:20:20 - INFO - testCases.TC01_AccountRegistrationTest - ****** Validating exepected message ******
2025-03-07 01:20:20 - INFO - testCases.TC01_AccountRegistrationTest - ***** Finished TC01_AccountRegistrationTest *******
2025-03-07 01:20:23 - INFO - testCases.TC02_LoginTest - ***** Starting TC02_LoginTest *******
2025-03-07 01:20:25 - INFO - testCases.TC02_LoginTest - ***** Finished TC02_LoginTest *******
2025-03-07 01:20:32 - INFO - testCases.TC01_AccountRegistrationTest - ***** Starting TC01_AccountRegistrationTest *******
2025-03-07 01:20:33 - INFO - testCases.TC01_AccountRegistrationTest - ****** Clicked on Account link ******
2025-03-07 01:20:33 - INFO - testCases.TC01_AccountRegistrationTest - ****** Clicked on Register l ink ******
2025-03-07 01:20:34 - INFO - testCases.TC01_AccountRegistrationTest - ****** Filled Personal Details ******
2025-03-07 01:20:34 - INFO - testCases.TC01_AccountRegistrationTest - ****** Checked Policy Checkbox ******
2025-03-07 01:20:35 - INFO - testCases.TC01_AccountRegistrationTest - ****** Validating exepected message ******
2025-03-07 01:20:35 - INFO - testCases.TC01_AccountRegistrationTest - ***** Finished TC01_AccountRegistrationTest *******
2025-03-07 01:20:41 - INFO - testCases.TC02_LoginTest - ***** Starting TC02_LoginTest *******
2025-03-07 01:20:43 - INFO - testCases.TC02_LoginTest - ***** Finished TC02_LoginTest *******
2025-03-07 11:32:42 - DEBUG - org.apache.poi.openxml4j.opc.PackageRelationshipCollection - Parsing relationship: /xl/_rels/workbook.xml.rels
2025-03-07 11:32:42 - DEBUG - org.apache.poi.openxml4j.opc.PackageRelationshipCollection - Parsing relationship: /xl/worksheets/_rels/sheet1.xml.rels
2025-03-07 11:32:42 - DEBUG - org.apache.poi.openxml4j.opc.PackageRelationshipCollection - Parsing relationship: /_rels/.rels
2025-03-07 11:32:43 - DEBUG - org.apache.poi.openxml4j.opc.PackageRelationshipCollection - Parsing relationship: /xl/_rels/workbook.xml.rels
2025-03-07 11:32:43 - DEBUG - org.apache.poi.openxml4j.opc.PackageRelationshipCollection - Parsing relationship: /xl/worksheets/_rels/sheet1.xml.rels
2025-03-07 11:32:43 - DEBUG - org.apache.poi.openxml4j.opc.PackageRelationshipCollection - Parsing relationship: /_rels/.rels
2025-03-07 11:32:43 - DEBUG - org.apache.poi.openxml4j.opc.PackageRelationshipCollection - Parsing relationship: /xl/_rels/workbook.xml.rels
2025-03-07 11:32:43 - DEBUG - org.apache.poi.openxml4j.opc.PackageRelationshipCollection - Parsing relationship: /xl/worksheets/_rels/sheet1.xml.rels
2025-03-07 11:32:43 - DEBUG - org.apache.poi.openxml4j.opc.PackageRelationshipCollection - Parsing relationship: /_rels/.rels
2025-03-07 11:32:43 - DEBUG - org.apache.poi.openxml4j.opc.PackageRelationshipCollection - Parsing relationship: /xl/_rels/workbook.xml.rels
2025-03-07 11:32:43 - DEBUG - org.apache.poi.openxml4j.opc.PackageRelationshipCollection - Parsing relationship: /xl/worksheets/_rels/sheet1.xml.rels
2025-03-07 11:32:43 - DEBUG - org.apache.poi.openxml4j.opc.PackageRelationshipCollection - Parsing relationship: /_rels/.rels
2025-03-07 11:32:43 - DEBUG - org.apache.poi.openxml4j.opc.PackageRelationshipCollection - Parsing relationship: /xl/_rels/workbook.xml.rels
2025-03-07 11:32:43 - DEBUG - org.apache.poi.openxml4j.opc.PackageRelationshipCollection - Parsing relationship: /xl/worksheets/_rels/sheet1.xml.rels
2025-03-07 11:32:43 - DEBUG - org.apache.poi.openxml4j.opc.PackageRelationshipCollection - Parsing relationship: /_rels/.rels
2025-03-07 11:32:43 - DEBUG - org.apache.poi.openxml4j.opc.PackageRelationshipCollection - Parsing relationship: /xl/_rels/workbook.xml.rels
2025-03-07 11:32:43 - DEBUG - org.apache.poi.openxml4j.opc.PackageRelationshipCollection - Parsing relationship: /xl/worksheets/_rels/sheet1.xml.rels
2025-03-07 11:32:43 - DEBUG - org.apache.poi.openxml4j.opc.PackageRelationshipCollection - Parsing relationship: /_rels/.rels
2025-03-07 11:32:43 - DEBUG - org.apache.poi.openxml4j.opc.PackageRelationshipCollection - Parsing relationship: /xl/_rels/workbook.xml.rels
2025-03-07 11:32:43 - DEBUG - org.apache.poi.openxml4j.opc.PackageRelationshipCollection - Parsing relationship: /xl/worksheets/_rels/sheet1.xml.rels
2025-03-07 11:32:43 - DEBUG - org.apache.poi.openxml4j.opc.PackageRelationshipCollection - Parsing relationship: /_rels/.rels
2025-03-07 11:32:43 - DEBUG - org.apache.poi.openxml4j.opc.PackageRelationshipCollection - Parsing relationship: /xl/_rels/workbook.xml.rels
2025-03-07 11:32:43 - DEBUG - org.apache.poi.openxml4j.opc.PackageRelationshipCollection - Parsing relationship: /xl/worksheets/_rels/sheet1.xml.rels
2025-03-07 11:32:43 - DEBUG - org.apache.poi.openxml4j.opc.PackageRelationshipCollection - Parsing relationship: /_rels/.rels
2025-03-07 11:32:43 - DEBUG - org.apache.poi.openxml4j.opc.PackageRelationshipCollection - Parsing relationship: /xl/_rels/workbook.xml.rels
2025-03-07 11:32:43 - DEBUG - org.apache.poi.openxml4j.opc.PackageRelationshipCollection - Parsing relationship: /xl/worksheets/_rels/sheet1.xml.rels
2025-03-07 11:32:43 - DEBUG - org.apache.poi.openxml4j.opc.PackageRelationshipCollection - Parsing relationship: /_rels/.rels
2025-03-07 11:32:43 - DEBUG - org.apache.poi.openxml4j.opc.PackageRelationshipCollection - Parsing relationship: /xl/_rels/workbook.xml.rels
2025-03-07 11:32:43 - DEBUG - org.apache.poi.openxml4j.opc.PackageRelationshipCollection - Parsing relationship: /xl/worksheets/_rels/sheet1.xml.rels
2025-03-07 11:32:43 - DEBUG - org.apache.poi.openxml4j.opc.PackageRelationshipCollection - Parsing relationship: /_rels/.rels
2025-03-07 11:32:43 - DEBUG - org.apache.poi.openxml4j.opc.PackageRelationshipCollection - Parsing relationship: /xl/_rels/workbook.xml.rels
2025-03-07 11:32:43 - DEBUG - org.apache.poi.openxml4j.opc.PackageRelationshipCollection - Parsing relationship: /xl/worksheets/_rels/sheet1.xml.rels
2025-03-07 11:32:43 - DEBUG - org.apache.poi.openxml4j.opc.PackageRelationshipCollection - Parsing relationship: /_rels/.rels
2025-03-07 11:32:43 - DEBUG - org.apache.poi.openxml4j.opc.PackageRelationshipCollection - Parsing relationship: /xl/_rels/workbook.xml.rels
2025-03-07 11:32:43 - DEBUG - org.apache.poi.openxml4j.opc.PackageRelationshipCollection - Parsing relationship: /xl/worksheets/_rels/sheet1.xml.rels
2025-03-07 11:32:43 - DEBUG - org.apache.poi.openxml4j.opc.PackageRelationshipCollection - Parsing relationship: /_rels/.rels
2025-03-07 11:32:43 - DEBUG - org.apache.poi.openxml4j.opc.PackageRelationshipCollection - Parsing relationship: /xl/_rels/workbook.xml.rels
2025-03-07 11:32:43 - DEBUG - org.apache.poi.openxml4j.opc.PackageRelationshipCollection - Parsing relationship: /xl/worksheets/_rels/sheet1.xml.rels
2025-03-07 11:32:43 - DEBUG - org.apache.poi.openxml4j.opc.PackageRelationshipCollection - Parsing relationship: /_rels/.rels
2025-03-07 11:32:43 - DEBUG - org.apache.poi.openxml4j.opc.PackageRelationshipCollection - Parsing relationship: /xl/_rels/workbook.xml.rels
2025-03-07 11:32:43 - DEBUG - org.apache.poi.openxml4j.opc.PackageRelationshipCollection - Parsing relationship: /xl/worksheets/_rels/sheet1.xml.rels
2025-03-07 11:32:43 - DEBUG - org.apache.poi.openxml4j.opc.PackageRelationshipCollection - Parsing relationship: /_rels/.rels
2025-03-07 11:32:43 - DEBUG - org.apache.poi.openxml4j.opc.PackageRelationshipCollection - Parsing relationship: /xl/_rels/workbook.xml.rels
2025-03-07 11:32:43 - DEBUG - org.apache.poi.openxml4j.opc.PackageRelationshipCollection - Parsing relationship: /xl/worksheets/_rels/sheet1.xml.rels
2025-03-07 11:32:43 - DEBUG - org.apache.poi.openxml4j.opc.PackageRelationshipCollection - Parsing relationship: /_rels/.rels
2025-03-07 11:32:43 - DEBUG - org.apache.poi.openxml4j.opc.PackageRelationshipCollection - Parsing relationship: /xl/_rels/workbook.xml.rels
2025-03-07 11:32:43 - DEBUG - org.apache.poi.openxml4j.opc.PackageRelationshipCollection - Parsing relationship: /xl/worksheets/_rels/sheet1.xml.rels
2025-03-07 11:32:43 - DEBUG - org.apache.poi.openxml4j.opc.PackageRelationshipCollection - Parsing relationship: /_rels/.rels
2025-03-07 11:32:43 - DEBUG - org.apache.poi.openxml4j.opc.PackageRelationshipCollection - Parsing relationship: /xl/_rels/workbook.xml.rels
2025-03-07 11:32:43 - DEBUG - org.apache.poi.openxml4j.opc.PackageRelationshipCollection - Parsing relationship: /xl/worksheets/_rels/sheet1.xml.rels
2025-03-07 11:32:43 - DEBUG - org.apache.poi.openxml4j.opc.PackageRelationshipCollection - Parsing relationship: /_rels/.rels
2025-03-07 11:35:25 - INFO - testCases.TC01_AccountRegistrationTest - ***** Starting TC01_AccountRegistrationTest *******
2025-03-07 11:35:26 - INFO - testCases.TC01_AccountRegistrationTest - ****** Clicked on Account link ******
2025-03-07 11:35:26 - INFO - testCases.TC01_AccountRegistrationTest - ****** Clicked on Register l ink ******
2025-03-07 11:35:27 - INFO - testCases.TC01_AccountRegistrationTest - ****** Filled Personal Details ******
2025-03-07 11:35:27 - INFO - testCases.TC01_AccountRegistrationTest - ****** Checked Policy Checkbox ******
2025-03-07 11:35:28 - INFO - testCases.TC01_AccountRegistrationTest - ****** Validating exepected message ******
2025-03-07 11:35:28 - INFO - testCases.TC01_AccountRegistrationTest - ***** Finished TC01_AccountRegistrationTest *******
2025-03-07 11:35:32 - INFO - testCases.TC02_LoginTest - ***** Starting TC02_LoginTest *******
2025-03-07 11:35:34 - INFO - testCases.TC02_LoginTest - ***** Finished TC02_LoginTest *******
