2025-02-24 12:00:34,515 [main] INFO testCases.TC01_AccountRegistrationTest - ***** Starting TC01_AccountRegistrationTest *******
2025-02-24 12:00:34,718 [main] INFO testCases.TC01_AccountRegistrationTest - ****** Clicked on Account link ******
2025-02-24 12:00:35,356 [main] INFO testCases.TC01_AccountRegistrationTest - ****** Clicked on Register l ink ******
2025-02-24 12:00:35,712 [main] INFO testCases.TC01_AccountRegistrationTest - ****** Filled Personal Details ******
2025-02-24 12:00:35,777 [main] INFO testCases.TC01_AccountRegistrationTest - ****** Checked Policy Checkbox ******
2025-02-24 12:00:36,896 [main] INFO testCases.TC01_AccountRegistrationTest - ****** Validating exepected message ******
2025-02-24 12:04:33,578 {HH:mm:ss.SSS} [main] INFO testCases.TC01_AccountRegistrationTest - ***** Starting TC01_AccountRegistrationTest *******
2025-02-24 12:04:33,733 {HH:mm:ss.SSS} [main] INFO testCases.TC01_AccountRegistrationTest - ****** Clicked on Account link ******
2025-02-24 12:04:34,290 {HH:mm:ss.SSS} [main] INFO testCases.TC01_AccountRegistrationTest - ****** Clicked on Register l ink ******
2025-02-24 12:04:34,645 {HH:mm:ss.SSS} [main] INFO testCases.TC01_AccountRegistrationTest - ****** Filled Personal Details ******
2025-02-24 12:04:34,702 {HH:mm:ss.SSS} [main] INFO testCases.TC01_AccountRegistrationTest - ****** Checked Policy Checkbox ******
2025-02-24 12:04:35,544 {HH:mm:ss.SSS} [main] INFO testCases.TC01_AccountRegistrationTest - ****** Validating exepected message ******
2025-02-24 12:12:24,064 [main] INFO testCases.TC01_AccountRegistrationTest - ***** Starting TC01_AccountRegistrationTest *******
2025-02-24 12:12:24,228 [main] INFO testCases.TC01_AccountRegistrationTest - ****** Clicked on Account link ******
2025-02-24 12:12:24,807 [main] INFO testCases.TC01_AccountRegistrationTest - ****** Clicked on Register l ink ******
2025-02-24 12:12:25,150 [main] INFO testCases.TC01_AccountRegistrationTest - ****** Filled Personal Details ******
2025-02-24 12:12:25,211 [main] INFO testCases.TC01_AccountRegistrationTest - ****** Checked Policy Checkbox ******
2025-02-24 12:12:26,033 [main] INFO testCases.TC01_AccountRegistrationTest - ****** Validating exepected message ******
2025-02-24 12:13:09,787 [main] INFO testCases.TC01_AccountRegistrationTest - ***** Starting TC01_AccountRegistrationTest *******
2025-02-24 12:13:09,953 [main] INFO testCases.TC01_AccountRegistrationTest - ****** Clicked on Account link ******
2025-02-24 12:13:10,511 [main] INFO testCases.TC01_AccountRegistrationTest - ****** Clicked on Register l ink ******
2025-02-24 12:13:10,860 [main] INFO testCases.TC01_AccountRegistrationTest - ****** Filled Personal Details ******
2025-02-24 12:13:10,919 [main] INFO testCases.TC01_AccountRegistrationTest - ****** Checked Policy Checkbox ******
2025-02-24 12:13:11,701 [main] INFO testCases.TC01_AccountRegistrationTest - ****** Validating exepected message ******
2025-02-24 12:19:24,053 [main] INFO testCases.TC01_AccountRegistrationTest - ***** Starting TC01_AccountRegistrationTest *******
2025-02-24 12:19:24,228 [main] INFO testCases.TC01_AccountRegistrationTest - ****** Clicked on Account link ******
2025-02-24 12:19:25,453 [main] INFO testCases.TC01_AccountRegistrationTest - ****** Clicked on Register l ink ******
2025-02-24 12:19:25,790 [main] INFO testCases.TC01_AccountRegistrationTest - ****** Filled Personal Details ******
2025-02-24 12:19:25,851 [main] INFO testCases.TC01_AccountRegistrationTest - ****** Checked Policy Checkbox ******
2025-02-24 12:19:26,695 [main] INFO testCases.TC01_AccountRegistrationTest - ****** Validating exepected message ******
2025-02-24 12:35:10,538 [main] INFO testCases.TC01_AccountRegistrationTest - ***** Starting TC01_AccountRegistrationTest *******
2025-02-24 12:35:10,715 [main] INFO testCases.TC01_AccountRegistrationTest - ****** Clicked on Account link ******
2025-02-24 12:35:11,787 [main] INFO testCases.TC01_AccountRegistrationTest - ****** Clicked on Register l ink ******
2025-02-24 12:35:12,160 [main] INFO testCases.TC01_AccountRegistrationTest - ****** Filled Personal Details ******
2025-02-24 12:35:12,219 [main] INFO testCases.TC01_AccountRegistrationTest - ****** Checked Policy Checkbox ******
2025-02-24 12:35:13,067 [main] INFO testCases.TC01_AccountRegistrationTest - ****** Validating exepected message ******
2025-02-24 12:35:13,105 [main] ERROR testCases.TC01_AccountRegistrationTest - Test Failed
2025-02-24 12:35:51,985 [main] INFO testCases.TC01_AccountRegistrationTest - ***** Starting TC01_AccountRegistrationTest *******
2025-02-24 12:35:52,153 [main] INFO testCases.TC01_AccountRegistrationTest - ****** Clicked on Account link ******
2025-02-24 12:35:52,717 [main] INFO testCases.TC01_AccountRegistrationTest - ****** Clicked on Register l ink ******
2025-02-24 12:35:53,063 [main] INFO testCases.TC01_AccountRegistrationTest - ****** Filled Personal Details ******
2025-02-24 12:35:53,123 [main] INFO testCases.TC01_AccountRegistrationTest - ****** Checked Policy Checkbox ******
2025-02-24 12:35:53,901 [main] INFO testCases.TC01_AccountRegistrationTest - ****** Validating exepected message ******
2025-02-24 12:35:53,932 [main] ERROR testCases.TC01_AccountRegistrationTest - Test Failed
2025-02-24 12:35:53,932 [main] DEBUG testCases.TC01_AccountRegistrationTest - Debug Log
2025-02-24 12:36:31,398 [main] INFO testCases.TC01_AccountRegistrationTest - ***** Starting TC01_AccountRegistrationTest *******
2025-02-24 12:36:31,556 [main] INFO testCases.TC01_AccountRegistrationTest - ****** Clicked on Account link ******
2025-02-24 12:36:32,153 [main] INFO testCases.TC01_AccountRegistrationTest - ****** Clicked on Register l ink ******
2025-02-24 12:36:32,496 [main] INFO testCases.TC01_AccountRegistrationTest - ****** Filled Personal Details ******
2025-02-24 12:36:32,555 [main] INFO testCases.TC01_AccountRegistrationTest - ****** Checked Policy Checkbox ******
2025-02-24 12:36:33,415 [main] INFO testCases.TC01_AccountRegistrationTest - ****** Validating exepected message ******
2025-02-24 12:36:33,444 [main] INFO testCases.TC01_AccountRegistrationTest - ***** Finished TC01_AccountRegistrationTest *******
2025-02-24 12:40:31,097 [main] INFO testCases.TC01_AccountRegistrationTest - ***** Starting TC01_AccountRegistrationTest *******
2025-02-24 12:40:31,263 [main] INFO testCases.TC01_AccountRegistrationTest - ****** Clicked on Account link ******
2025-02-24 12:40:32,028 [main] INFO testCases.TC01_AccountRegistrationTest - ****** Clicked on Register l ink ******
2025-02-24 12:40:32,380 [main] INFO testCases.TC01_AccountRegistrationTest - ****** Filled Personal Details ******
2025-02-24 12:40:32,380 [main] INFO testCases.TC01_AccountRegistrationTest - ****** Checked Policy Checkbox ******
2025-02-24 12:40:32,972 [main] INFO testCases.TC01_AccountRegistrationTest - ****** Validating exepected message ******
2025-02-24 13:02:51,565 [main] INFO testCases.TC01_AccountRegistrationTest - ***** Starting TC01_AccountRegistrationTest *******
2025-02-24 13:02:51,728 [main] INFO testCases.TC01_AccountRegistrationTest - ****** Clicked on Account link ******
2025-02-24 13:02:52,267 [main] INFO testCases.TC01_AccountRegistrationTest - ****** Clicked on Register l ink ******
2025-02-24 13:02:52,663 [main] INFO testCases.TC01_AccountRegistrationTest - ****** Filled Personal Details ******
2025-02-24 13:02:52,727 [main] INFO testCases.TC01_AccountRegistrationTest - ****** Checked Policy Checkbox ******
2025-02-24 13:02:53,898 [main] INFO testCases.TC01_AccountRegistrationTest - ****** Validating exepected message ******
2025-02-24 13:02:53,939 [main] INFO testCases.TC01_AccountRegistrationTest - ***** Finished TC01_AccountRegistrationTest *******
2025-02-24 13:04:06,473 [main] INFO testCases.TC01_AccountRegistrationTest - ***** Starting TC01_AccountRegistrationTest *******
2025-02-24 13:04:06,640 [main] INFO testCases.TC01_AccountRegistrationTest - ****** Clicked on Account link ******
2025-02-24 13:04:08,380 [main] INFO testCases.TC01_AccountRegistrationTest - ****** Clicked on Register l ink ******
2025-02-24 13:04:08,762 [main] INFO testCases.TC01_AccountRegistrationTest - ****** Filled Personal Details ******
2025-02-24 13:04:08,813 [main] INFO testCases.TC01_AccountRegistrationTest - ****** Checked Policy Checkbox ******
2025-02-24 13:04:09,654 [main] INFO testCases.TC01_AccountRegistrationTest - ****** Validating exepected message ******
2025-02-24 13:04:09,689 [main] INFO testCases.TC01_AccountRegistrationTest - ***** Finished TC01_AccountRegistrationTest *******
2025-02-24 13:04:33,715 [main] INFO testCases.TC01_AccountRegistrationTest - ***** Starting TC01_AccountRegistrationTest *******
2025-02-24 13:04:34,051 [main] INFO testCases.TC01_AccountRegistrationTest - ****** Clicked on Account link ******
2025-02-24 13:04:34,761 [main] INFO testCases.TC01_AccountRegistrationTest - ****** Clicked on Register l ink ******
2025-02-24 13:04:35,103 [main] INFO testCases.TC01_AccountRegistrationTest - ****** Filled Personal Details ******
2025-02-24 13:04:35,335 [main] INFO testCases.TC01_AccountRegistrationTest - ****** Checked Policy Checkbox ******
2025-02-24 13:04:36,199 [main] INFO testCases.TC01_AccountRegistrationTest - ****** Validating exepected message ******
2025-02-24 13:04:36,224 [main] INFO testCases.TC01_AccountRegistrationTest - ***** Finished TC01_AccountRegistrationTest *******
2025-02-24 13:57:32,177 [main] INFO testCases.TC01_AccountRegistrationTest - ***** Starting TC01_AccountRegistrationTest *******
2025-02-24 13:57:32,401 [main] INFO testCases.TC01_AccountRegistrationTest - ****** Clicked on Account link ******
2025-02-24 13:57:34,330 [main] INFO testCases.TC01_AccountRegistrationTest - ****** Clicked on Register l ink ******
2025-02-24 13:57:35,463 [main] INFO testCases.TC01_AccountRegistrationTest - ****** Filled Personal Details ******
2025-02-24 13:57:35,630 [main] INFO testCases.TC01_AccountRegistrationTest - ****** Checked Policy Checkbox ******
2025-02-24 13:57:36,616 [main] INFO testCases.TC01_AccountRegistrationTest - ****** Validating exepected message ******
2025-02-24 13:57:36,691 [main] INFO testCases.TC01_AccountRegistrationTest - ***** Finished TC01_AccountRegistrationTest *******
2025-02-24 13:57:40,648 [main] INFO testCases.TC01_AccountRegistrationTest - ***** Starting TC01_AccountRegistrationTest *******
2025-02-24 13:57:40,851 [main] INFO testCases.TC01_AccountRegistrationTest - ****** Clicked on Account link ******
2025-02-24 13:57:43,053 [main] INFO testCases.TC01_AccountRegistrationTest - ****** Clicked on Register l ink ******
2025-02-24 13:57:43,736 [main] INFO testCases.TC01_AccountRegistrationTest - ****** Filled Personal Details ******
2025-02-24 13:57:43,908 [main] INFO testCases.TC01_AccountRegistrationTest - ****** Checked Policy Checkbox ******
2025-02-24 13:57:44,877 [main] INFO testCases.TC01_AccountRegistrationTest - ****** Validating exepected message ******
2025-02-24 13:57:44,927 [main] INFO testCases.TC01_AccountRegistrationTest - ***** Finished TC01_AccountRegistrationTest *******
2025-02-24 13:57:52,533 [main] INFO testCases.TC01_AccountRegistrationTest - ***** Starting TC01_AccountRegistrationTest *******
2025-02-24 13:57:52,806 [main] INFO testCases.TC01_AccountRegistrationTest - ****** Clicked on Account link ******
2025-02-24 13:57:53,520 [main] INFO testCases.TC01_AccountRegistrationTest - ****** Clicked on Register l ink ******
2025-02-24 13:57:53,796 [main] INFO testCases.TC01_AccountRegistrationTest - ****** Filled Personal Details ******
2025-02-24 13:57:54,037 [main] INFO testCases.TC01_AccountRegistrationTest - ****** Checked Policy Checkbox ******
2025-02-24 13:57:55,060 [main] INFO testCases.TC01_AccountRegistrationTest - ****** Validating exepected message ******
2025-02-24 13:57:55,086 [main] INFO testCases.TC01_AccountRegistrationTest - ***** Finished TC01_AccountRegistrationTest *******
2025-02-24 14:00:44,708 [TestNG-tests-2] INFO testCases.TC01_AccountRegistrationTest - ***** Starting TC01_AccountRegistrationTest *******
2025-02-24 14:00:44,983 [TestNG-tests-1] INFO testCases.TC01_AccountRegistrationTest - ***** Starting TC01_AccountRegistrationTest *******
2025-02-24 14:00:45,102 [TestNG-tests-2] INFO testCases.TC01_AccountRegistrationTest - ****** Clicked on Account link ******
2025-02-24 14:00:45,378 [TestNG-tests-1] INFO testCases.TC01_AccountRegistrationTest - ****** Clicked on Account link ******
2025-02-24 14:00:46,198 [TestNG-tests-2] INFO testCases.TC01_AccountRegistrationTest - ****** Clicked on Register l ink ******
2025-02-24 14:00:46,308 [TestNG-tests-1] INFO testCases.TC01_AccountRegistrationTest - ****** Clicked on Register l ink ******
2025-02-24 14:00:47,600 [TestNG-tests-2] INFO testCases.TC01_AccountRegistrationTest - ****** Filled Personal Details ******
2025-02-24 14:00:47,661 [TestNG-tests-1] INFO testCases.TC01_AccountRegistrationTest - ****** Filled Personal Details ******
2025-02-24 14:00:47,749 [TestNG-tests-2] INFO testCases.TC01_AccountRegistrationTest - ****** Checked Policy Checkbox ******
2025-02-24 14:00:47,803 [TestNG-tests-1] INFO testCases.TC01_AccountRegistrationTest - ****** Checked Policy Checkbox ******
2025-02-24 14:00:49,316 [TestNG-tests-2] INFO testCases.TC01_AccountRegistrationTest - ****** Validating exepected message ******
2025-02-24 14:00:49,330 [TestNG-tests-1] INFO testCases.TC01_AccountRegistrationTest - ****** Validating exepected message ******
2025-02-24 14:00:49,457 [TestNG-tests-1] INFO testCases.TC01_AccountRegistrationTest - ***** Finished TC01_AccountRegistrationTest *******
2025-02-24 14:00:49,514 [TestNG-tests-2] INFO testCases.TC01_AccountRegistrationTest - ***** Finished TC01_AccountRegistrationTest *******
2025-02-24 14:00:49,980 [TestNG-tests-3] INFO testCases.TC01_AccountRegistrationTest - ***** Starting TC01_AccountRegistrationTest *******
2025-02-24 14:00:50,305 [TestNG-tests-3] INFO testCases.TC01_AccountRegistrationTest - ****** Clicked on Account link ******
2025-02-24 14:00:50,997 [TestNG-tests-3] INFO testCases.TC01_AccountRegistrationTest - ****** Clicked on Register l ink ******
2025-02-24 14:00:51,318 [TestNG-tests-3] INFO testCases.TC01_AccountRegistrationTest - ****** Filled Personal Details ******
2025-02-24 14:00:51,582 [TestNG-tests-3] INFO testCases.TC01_AccountRegistrationTest - ****** Checked Policy Checkbox ******
2025-02-24 14:00:52,572 [TestNG-tests-3] INFO testCases.TC01_AccountRegistrationTest - ****** Validating exepected message ******
2025-02-24 14:00:52,601 [TestNG-tests-3] INFO testCases.TC01_AccountRegistrationTest - ***** Finished TC01_AccountRegistrationTest *******
2025-02-24 14:29:30,715 [main] INFO testCases.TC01_AccountRegistrationTest - ***** Starting TC01_AccountRegistrationTest *******
2025-02-24 14:29:30,986 [main] INFO testCases.TC01_AccountRegistrationTest - ****** Clicked on Account link ******
2025-02-24 14:29:31,613 [main] INFO testCases.TC01_AccountRegistrationTest - ****** Clicked on Register l ink ******
2025-02-24 14:29:32,755 [main] INFO testCases.TC01_AccountRegistrationTest - ****** Filled Personal Details ******
2025-02-24 14:29:32,949 [main] INFO testCases.TC01_AccountRegistrationTest - ****** Checked Policy Checkbox ******
2025-02-24 14:29:33,978 [main] INFO testCases.TC01_AccountRegistrationTest - ****** Validating exepected message ******
2025-02-24 14:29:34,048 [main] INFO testCases.TC01_AccountRegistrationTest - ***** Finished TC01_AccountRegistrationTest *******
2025-02-24 14:36:49 - INFO - testCases.TC01_AccountRegistrationTest - ***** Starting TC01_AccountRegistrationTest *******
2025-02-24 14:36:49 - INFO - testCases.TC01_AccountRegistrationTest - ****** Clicked on Account link ******
2025-02-24 14:36:51 - INFO - testCases.TC01_AccountRegistrationTest - ****** Clicked on Register l ink ******
2025-02-24 14:36:52 - INFO - testCases.TC01_AccountRegistrationTest - ****** Filled Personal Details ******
2025-02-24 14:36:52 - INFO - testCases.TC01_AccountRegistrationTest - ****** Checked Policy Checkbox ******
2025-02-24 14:36:53 - INFO - testCases.TC01_AccountRegistrationTest - ****** Validating exepected message ******
2025-02-24 14:36:53 - INFO - testCases.TC01_AccountRegistrationTest - ***** Finished TC01_AccountRegistrationTest *******
2025-02-24 14:39:59 - INFO - testCases.TC01_AccountRegistrationTest - ***** Starting TC01_AccountRegistrationTest *******
2025-02-24 14:40:00 - INFO - testCases.TC01_AccountRegistrationTest - ****** Clicked on Account link ******
2025-02-24 14:40:00 - INFO - testCases.TC01_AccountRegistrationTest - ****** Clicked on Register l ink ******
2025-02-24 14:40:01 - INFO - testCases.TC01_AccountRegistrationTest - ****** Filled Personal Details ******
2025-02-24 14:40:02 - INFO - testCases.TC01_AccountRegistrationTest - ****** Checked Policy Checkbox ******
2025-02-24 14:40:04 - INFO - testCases.TC01_AccountRegistrationTest - ****** Validating exepected message ******
2025-02-24 14:40:04 - INFO - testCases.TC01_AccountRegistrationTest - ***** Finished TC01_AccountRegistrationTest *******
2025-02-24 14:40:32 - INFO - testCases.TC01_AccountRegistrationTest - ***** Starting TC01_AccountRegistrationTest *******
2025-02-24 14:40:32 - INFO - testCases.TC01_AccountRegistrationTest - ****** Clicked on Account link ******
2025-02-24 14:40:33 - INFO - testCases.TC01_AccountRegistrationTest - ***** Starting TC01_AccountRegistrationTest *******
2025-02-24 14:40:33 - INFO - testCases.TC01_AccountRegistrationTest - ****** Clicked on Account link ******
2025-02-24 14:40:34 - INFO - testCases.TC01_AccountRegistrationTest - ****** Clicked on Register l ink ******
2025-02-24 14:40:34 - INFO - testCases.TC01_AccountRegistrationTest - ****** Clicked on Register l ink ******
2025-02-24 14:40:35 - INFO - testCases.TC01_AccountRegistrationTest - ****** Filled Personal Details ******
2025-02-24 14:40:35 - INFO - testCases.TC01_AccountRegistrationTest - ****** Filled Personal Details ******
2025-02-24 14:40:35 - INFO - testCases.TC01_AccountRegistrationTest - ****** Checked Policy Checkbox ******
2025-02-24 14:40:36 - INFO - testCases.TC01_AccountRegistrationTest - ****** Checked Policy Checkbox ******
2025-02-24 14:40:36 - INFO - testCases.TC01_AccountRegistrationTest - ***** Starting TC01_AccountRegistrationTest *******
2025-02-24 14:40:36 - INFO - testCases.TC01_AccountRegistrationTest - ****** Clicked on Account link ******
2025-02-24 14:40:37 - INFO - testCases.TC01_AccountRegistrationTest - ****** Validating exepected message ******
2025-02-24 14:40:37 - INFO - testCases.TC01_AccountRegistrationTest - ***** Finished TC01_AccountRegistrationTest *******
2025-02-24 14:40:37 - INFO - testCases.TC01_AccountRegistrationTest - ****** Validating exepected message ******
2025-02-24 14:40:37 - INFO - testCases.TC01_AccountRegistrationTest - ****** Clicked on Register l ink ******
2025-02-24 14:40:37 - INFO - testCases.TC01_AccountRegistrationTest - ***** Finished TC01_AccountRegistrationTest *******
2025-02-24 14:40:38 - INFO - testCases.TC01_AccountRegistrationTest - ****** Filled Personal Details ******
2025-02-24 14:40:38 - INFO - testCases.TC01_AccountRegistrationTest - ****** Checked Policy Checkbox ******
2025-02-24 14:40:39 - INFO - testCases.TC01_AccountRegistrationTest - ****** Validating exepected message ******
2025-02-24 14:40:39 - INFO - testCases.TC01_AccountRegistrationTest - ***** Finished TC01_AccountRegistrationTest *******
2025-02-24 16:10:11 - INFO - testCases.TC02_LoginTest - ***** Starting TC02_LoginTest *******
2025-02-24 16:11:25 - INFO - testCases.TC02_LoginTest - ***** Starting TC02_LoginTest *******
2025-02-24 16:11:27 - INFO - testCases.TC02_LoginTest - ***** Finished TC02_LoginTest *******
2025-02-24 17:43:58 - INFO - testCases.TC02_LoginTest - ***** Starting TC02_LoginTest *******
2025-02-24 17:44:00 - INFO - testCases.TC02_LoginTest - ***** Finished TC02_LoginTest *******
