2025-03-06 22:50:33 - INFO - testCases.TC02_LoginTest - ***** Starting TC02_LoginTest *******
2025-03-06 22:50:35 - INFO - testCases.TC02_LoginTest - ***** Finished TC02_LoginTest *******
2025-03-06 22:51:41 - INFO - testCases.TC01_AccountRegistrationTest - ***** Starting TC01_AccountRegistrationTest *******
2025-03-06 22:51:42 - INFO - testCases.TC01_AccountRegistrationTest - ****** Clicked on Account link ******
2025-03-06 22:51:43 - INFO - testCases.TC01_AccountRegistrationTest - ****** Clicked on Register l ink ******
2025-03-06 22:51:44 - INFO - testCases.TC01_AccountRegistrationTest - ****** Filled Personal Details ******
2025-03-06 22:51:44 - INFO - testCases.TC01_AccountRegistrationTest - ****** Checked Policy Checkbox ******
2025-03-06 22:51:45 - INFO - testCases.TC01_AccountRegistrationTest - ****** Validating exepected message ******
2025-03-06 22:51:45 - INFO - testCases.TC01_AccountRegistrationTest - ***** Finished TC01_AccountRegistrationTest *******
2025-03-06 22:51:51 - INFO - testCases.TC02_LoginTest - ***** Starting TC02_LoginTest *******
2025-03-06 22:51:53 - INFO - testCases.TC02_LoginTest - ***** Finished TC02_LoginTest *******
2025-03-06 23:03:43 - INFO - testCases.TC01_AccountRegistrationTest - ***** Starting TC01_AccountRegistrationTest *******
2025-03-06 23:03:43 - INFO - testCases.TC01_AccountRegistrationTest - ****** Clicked on Account link ******
2025-03-06 23:03:45 - INFO - testCases.TC01_AccountRegistrationTest - ****** Clicked on Register l ink ******
2025-03-06 23:03:46 - INFO - testCases.TC01_AccountRegistrationTest - ****** Filled Personal Details ******
2025-03-06 23:03:46 - INFO - testCases.TC01_AccountRegistrationTest - ****** Checked Policy Checkbox ******
2025-03-06 23:03:48 - INFO - testCases.TC01_AccountRegistrationTest - ****** Validating exepected message ******
2025-03-06 23:03:48 - INFO - testCases.TC01_AccountRegistrationTest - ***** Finished TC01_AccountRegistrationTest *******
2025-03-06 23:03:52 - INFO - testCases.TC02_LoginTest - ***** Starting TC02_LoginTest *******
2025-03-06 23:03:54 - INFO - testCases.TC02_LoginTest - ***** Finished TC02_LoginTest *******
2025-03-06 23:09:40 - INFO - testCases.TC01_AccountRegistrationTest - ***** Starting TC01_AccountRegistrationTest *******
2025-03-06 23:09:40 - INFO - testCases.TC01_AccountRegistrationTest - ****** Clicked on Account link ******
2025-03-06 23:09:42 - INFO - testCases.TC01_AccountRegistrationTest - ****** Clicked on Register l ink ******
2025-03-06 23:09:43 - INFO - testCases.TC01_AccountRegistrationTest - ****** Filled Personal Details ******
2025-03-06 23:09:43 - INFO - testCases.TC01_AccountRegistrationTest - ****** Checked Policy Checkbox ******
2025-03-06 23:09:45 - INFO - testCases.TC01_AccountRegistrationTest - ****** Validating exepected message ******
2025-03-06 23:09:45 - INFO - testCases.TC01_AccountRegistrationTest - ***** Finished TC01_AccountRegistrationTest *******
2025-03-06 23:09:49 - INFO - testCases.TC02_LoginTest - ***** Starting TC02_LoginTest *******
2025-03-06 23:09:52 - INFO - testCases.TC02_LoginTest - ***** Finished TC02_LoginTest *******
2025-03-06 23:12:45 - INFO - testCases.TC01_AccountRegistrationTest - ***** Starting TC01_AccountRegistrationTest *******
2025-03-06 23:12:46 - INFO - testCases.TC01_AccountRegistrationTest - ****** Clicked on Account link ******
2025-03-06 23:12:48 - INFO - testCases.TC01_AccountRegistrationTest - ****** Clicked on Register l ink ******
2025-03-06 23:12:49 - INFO - testCases.TC01_AccountRegistrationTest - ****** Filled Personal Details ******
2025-03-06 23:12:49 - INFO - testCases.TC01_AccountRegistrationTest - ****** Checked Policy Checkbox ******
2025-03-06 23:12:51 - INFO - testCases.TC01_AccountRegistrationTest - ****** Validating exepected message ******
2025-03-06 23:12:51 - INFO - testCases.TC01_AccountRegistrationTest - ***** Finished TC01_AccountRegistrationTest *******
2025-03-06 23:12:57 - INFO - testCases.TC02_LoginTest - ***** Starting TC02_LoginTest *******
2025-03-06 23:12:59 - INFO - testCases.TC02_LoginTest - ***** Finished TC02_LoginTest *******
2025-03-06 23:13:52 - INFO - testCases.TC01_AccountRegistrationTest - ***** Starting TC01_AccountRegistrationTest *******
2025-03-06 23:13:52 - INFO - testCases.TC01_AccountRegistrationTest - ****** Clicked on Account link ******
2025-03-06 23:13:54 - INFO - testCases.TC01_AccountRegistrationTest - ****** Clicked on Register l ink ******
2025-03-06 23:13:55 - INFO - testCases.TC01_AccountRegistrationTest - ****** Filled Personal Details ******
2025-03-06 23:13:55 - INFO - testCases.TC01_AccountRegistrationTest - ****** Checked Policy Checkbox ******
2025-03-06 23:13:56 - INFO - testCases.TC01_AccountRegistrationTest - ****** Validating exepected message ******
2025-03-06 23:13:56 - INFO - testCases.TC01_AccountRegistrationTest - ***** Finished TC01_AccountRegistrationTest *******
2025-03-06 23:14:01 - INFO - testCases.TC02_LoginTest - ***** Starting TC02_LoginTest *******
2025-03-06 23:14:04 - INFO - testCases.TC02_LoginTest - ***** Finished TC02_LoginTest *******
2025-03-06 23:14:21 - INFO - testCases.TC01_AccountRegistrationTest - ***** Starting TC01_AccountRegistrationTest *******
2025-03-06 23:14:21 - INFO - testCases.TC01_AccountRegistrationTest - ****** Clicked on Account link ******
2025-03-06 23:14:23 - INFO - testCases.TC01_AccountRegistrationTest - ****** Clicked on Register l ink ******
2025-03-06 23:14:24 - INFO - testCases.TC01_AccountRegistrationTest - ****** Filled Personal Details ******
2025-03-06 23:14:24 - INFO - testCases.TC01_AccountRegistrationTest - ****** Checked Policy Checkbox ******
2025-03-06 23:14:25 - INFO - testCases.TC01_AccountRegistrationTest - ****** Validating exepected message ******
2025-03-06 23:14:25 - INFO - testCases.TC01_AccountRegistrationTest - ***** Finished TC01_AccountRegistrationTest *******
2025-03-06 23:14:32 - INFO - testCases.TC02_LoginTest - ***** Starting TC02_LoginTest *******
2025-03-06 23:14:34 - INFO - testCases.TC02_LoginTest - ***** Finished TC02_LoginTest *******
2025-03-06 23:16:03 - INFO - testCases.TC01_AccountRegistrationTest - ***** Starting TC01_AccountRegistrationTest *******
2025-03-06 23:16:03 - INFO - testCases.TC01_AccountRegistrationTest - ****** Clicked on Account link ******
2025-03-06 23:16:06 - INFO - testCases.TC01_AccountRegistrationTest - ****** Clicked on Register l ink ******
2025-03-06 23:16:07 - INFO - testCases.TC01_AccountRegistrationTest - ****** Filled Personal Details ******
2025-03-06 23:16:07 - INFO - testCases.TC01_AccountRegistrationTest - ****** Checked Policy Checkbox ******
2025-03-06 23:16:08 - INFO - testCases.TC01_AccountRegistrationTest - ****** Validating exepected message ******
2025-03-06 23:16:08 - INFO - testCases.TC01_AccountRegistrationTest - ***** Finished TC01_AccountRegistrationTest *******
2025-03-06 23:16:16 - INFO - testCases.TC02_LoginTest - ***** Starting TC02_LoginTest *******
2025-03-06 23:16:19 - INFO - testCases.TC02_LoginTest - ***** Finished TC02_LoginTest *******
