2025-02-25 23:15:47 - DEBUG - org.apache.poi.openxml4j.opc.PackageRelationshipCollection - Parsing relationship: /xl/_rels/workbook.xml.rels
2025-02-25 23:15:47 - DEBUG - org.apache.poi.openxml4j.opc.PackageRelationshipCollection - Parsing relationship: /xl/worksheets/_rels/sheet1.xml.rels
2025-02-25 23:15:47 - DEBUG - org.apache.poi.openxml4j.opc.PackageRelationshipCollection - Parsing relationship: /_rels/.rels
2025-02-25 23:15:48 - DEBUG - org.apache.poi.openxml4j.opc.PackageRelationshipCollection - Parsing relationship: /xl/_rels/workbook.xml.rels
2025-02-25 23:15:48 - DEBUG - org.apache.poi.openxml4j.opc.PackageRelationshipCollection - Parsing relationship: /xl/worksheets/_rels/sheet1.xml.rels
2025-02-25 23:15:48 - DEBUG - org.apache.poi.openxml4j.opc.PackageRelationshipCollection - Parsing relationship: /_rels/.rels
2025-02-25 23:15:48 - DEBUG - org.apache.poi.openxml4j.opc.PackageRelationshipCollection - Parsing relationship: /xl/_rels/workbook.xml.rels
2025-02-25 23:15:48 - DEBUG - org.apache.poi.openxml4j.opc.PackageRelationshipCollection - Parsing relationship: /xl/worksheets/_rels/sheet1.xml.rels
2025-02-25 23:15:48 - DEBUG - org.apache.poi.openxml4j.opc.PackageRelationshipCollection - Parsing relationship: /_rels/.rels
2025-02-25 23:15:48 - DEBUG - org.apache.poi.openxml4j.opc.PackageRelationshipCollection - Parsing relationship: /xl/_rels/workbook.xml.rels
2025-02-25 23:15:48 - DEBUG - org.apache.poi.openxml4j.opc.PackageRelationshipCollection - Parsing relationship: /xl/worksheets/_rels/sheet1.xml.rels
2025-02-25 23:15:48 - DEBUG - org.apache.poi.openxml4j.opc.PackageRelationshipCollection - Parsing relationship: /_rels/.rels
2025-02-25 23:15:48 - DEBUG - org.apache.poi.openxml4j.opc.PackageRelationshipCollection - Parsing relationship: /xl/_rels/workbook.xml.rels
2025-02-25 23:15:48 - DEBUG - org.apache.poi.openxml4j.opc.PackageRelationshipCollection - Parsing relationship: /xl/worksheets/_rels/sheet1.xml.rels
2025-02-25 23:15:48 - DEBUG - org.apache.poi.openxml4j.opc.PackageRelationshipCollection - Parsing relationship: /_rels/.rels
2025-02-25 23:15:48 - DEBUG - org.apache.poi.openxml4j.opc.PackageRelationshipCollection - Parsing relationship: /xl/_rels/workbook.xml.rels
2025-02-25 23:15:48 - DEBUG - org.apache.poi.openxml4j.opc.PackageRelationshipCollection - Parsing relationship: /xl/worksheets/_rels/sheet1.xml.rels
2025-02-25 23:15:48 - DEBUG - org.apache.poi.openxml4j.opc.PackageRelationshipCollection - Parsing relationship: /_rels/.rels
2025-02-25 23:15:48 - DEBUG - org.apache.poi.openxml4j.opc.PackageRelationshipCollection - Parsing relationship: /xl/_rels/workbook.xml.rels
2025-02-25 23:15:48 - DEBUG - org.apache.poi.openxml4j.opc.PackageRelationshipCollection - Parsing relationship: /xl/worksheets/_rels/sheet1.xml.rels
2025-02-25 23:15:48 - DEBUG - org.apache.poi.openxml4j.opc.PackageRelationshipCollection - Parsing relationship: /_rels/.rels
2025-02-25 23:15:48 - DEBUG - org.apache.poi.openxml4j.opc.PackageRelationshipCollection - Parsing relationship: /xl/_rels/workbook.xml.rels
2025-02-25 23:15:48 - DEBUG - org.apache.poi.openxml4j.opc.PackageRelationshipCollection - Parsing relationship: /xl/worksheets/_rels/sheet1.xml.rels
2025-02-25 23:15:48 - DEBUG - org.apache.poi.openxml4j.opc.PackageRelationshipCollection - Parsing relationship: /_rels/.rels
2025-02-25 23:15:48 - DEBUG - org.apache.poi.openxml4j.opc.PackageRelationshipCollection - Parsing relationship: /xl/_rels/workbook.xml.rels
2025-02-25 23:15:48 - DEBUG - org.apache.poi.openxml4j.opc.PackageRelationshipCollection - Parsing relationship: /xl/worksheets/_rels/sheet1.xml.rels
2025-02-25 23:15:48 - DEBUG - org.apache.poi.openxml4j.opc.PackageRelationshipCollection - Parsing relationship: /_rels/.rels
2025-02-25 23:15:48 - DEBUG - org.apache.poi.openxml4j.opc.PackageRelationshipCollection - Parsing relationship: /xl/_rels/workbook.xml.rels
2025-02-25 23:15:48 - DEBUG - org.apache.poi.openxml4j.opc.PackageRelationshipCollection - Parsing relationship: /xl/worksheets/_rels/sheet1.xml.rels
2025-02-25 23:15:48 - DEBUG - org.apache.poi.openxml4j.opc.PackageRelationshipCollection - Parsing relationship: /_rels/.rels
2025-02-25 23:15:48 - DEBUG - org.apache.poi.openxml4j.opc.PackageRelationshipCollection - Parsing relationship: /xl/_rels/workbook.xml.rels
2025-02-25 23:15:48 - DEBUG - org.apache.poi.openxml4j.opc.PackageRelationshipCollection - Parsing relationship: /xl/worksheets/_rels/sheet1.xml.rels
2025-02-25 23:15:48 - DEBUG - org.apache.poi.openxml4j.opc.PackageRelationshipCollection - Parsing relationship: /_rels/.rels
2025-02-25 23:15:48 - DEBUG - org.apache.poi.openxml4j.opc.PackageRelationshipCollection - Parsing relationship: /xl/_rels/workbook.xml.rels
2025-02-25 23:15:48 - DEBUG - org.apache.poi.openxml4j.opc.PackageRelationshipCollection - Parsing relationship: /xl/worksheets/_rels/sheet1.xml.rels
2025-02-25 23:15:48 - DEBUG - org.apache.poi.openxml4j.opc.PackageRelationshipCollection - Parsing relationship: /_rels/.rels
2025-02-25 23:15:48 - DEBUG - org.apache.poi.openxml4j.opc.PackageRelationshipCollection - Parsing relationship: /xl/_rels/workbook.xml.rels
2025-02-25 23:15:48 - DEBUG - org.apache.poi.openxml4j.opc.PackageRelationshipCollection - Parsing relationship: /xl/worksheets/_rels/sheet1.xml.rels
2025-02-25 23:15:48 - DEBUG - org.apache.poi.openxml4j.opc.PackageRelationshipCollection - Parsing relationship: /_rels/.rels
2025-02-25 23:15:49 - DEBUG - org.apache.poi.openxml4j.opc.PackageRelationshipCollection - Parsing relationship: /xl/_rels/workbook.xml.rels
2025-02-25 23:15:49 - DEBUG - org.apache.poi.openxml4j.opc.PackageRelationshipCollection - Parsing relationship: /xl/worksheets/_rels/sheet1.xml.rels
2025-02-25 23:15:49 - DEBUG - org.apache.poi.openxml4j.opc.PackageRelationshipCollection - Parsing relationship: /_rels/.rels
2025-02-25 23:15:49 - DEBUG - org.apache.poi.openxml4j.opc.PackageRelationshipCollection - Parsing relationship: /xl/_rels/workbook.xml.rels
2025-02-25 23:15:49 - DEBUG - org.apache.poi.openxml4j.opc.PackageRelationshipCollection - Parsing relationship: /xl/worksheets/_rels/sheet1.xml.rels
2025-02-25 23:15:49 - DEBUG - org.apache.poi.openxml4j.opc.PackageRelationshipCollection - Parsing relationship: /_rels/.rels
2025-02-25 23:15:49 - DEBUG - org.apache.poi.openxml4j.opc.PackageRelationshipCollection - Parsing relationship: /xl/_rels/workbook.xml.rels
2025-02-25 23:15:49 - DEBUG - org.apache.poi.openxml4j.opc.PackageRelationshipCollection - Parsing relationship: /xl/worksheets/_rels/sheet1.xml.rels
2025-02-25 23:15:49 - DEBUG - org.apache.poi.openxml4j.opc.PackageRelationshipCollection - Parsing relationship: /_rels/.rels
2025-02-25 23:15:49 - DEBUG - org.apache.poi.openxml4j.opc.PackageRelationshipCollection - Parsing relationship: /xl/_rels/workbook.xml.rels
2025-02-25 23:15:49 - DEBUG - org.apache.poi.openxml4j.opc.PackageRelationshipCollection - Parsing relationship: /xl/worksheets/_rels/sheet1.xml.rels
2025-02-25 23:15:49 - DEBUG - org.apache.poi.openxml4j.opc.PackageRelationshipCollection - Parsing relationship: /_rels/.rels
2025-02-25 23:15:49 - INFO - testCases.TC03_LoginDDT - **** Starting TC03_LoginDDT *****
2025-02-25 23:15:52 - INFO - testCases.TC03_LoginDDT - **** Ending TC03_LoginDDT *****
2025-02-25 23:15:52 - INFO - testCases.TC03_LoginDDT - **** Starting TC03_LoginDDT *****
2025-02-25 23:15:55 - INFO - testCases.TC03_LoginDDT - **** Ending TC03_LoginDDT *****
2025-02-25 23:15:55 - INFO - testCases.TC03_LoginDDT - **** Starting TC03_LoginDDT *****
2025-02-25 23:16:02 - INFO - testCases.TC03_LoginDDT - **** Ending TC03_LoginDDT *****
2025-02-25 23:16:02 - INFO - testCases.TC03_LoginDDT - **** Starting TC03_LoginDDT *****
2025-02-25 23:16:09 - INFO - testCases.TC03_LoginDDT - **** Ending TC03_LoginDDT *****
2025-02-25 23:16:09 - INFO - testCases.TC03_LoginDDT - **** Starting TC03_LoginDDT *****
2025-02-25 23:16:12 - INFO - testCases.TC03_LoginDDT - **** Ending TC03_LoginDDT *****
2025-02-25 23:39:17 - DEBUG - org.apache.poi.openxml4j.opc.PackageRelationshipCollection - Parsing relationship: /xl/_rels/workbook.xml.rels
2025-02-25 23:39:17 - DEBUG - org.apache.poi.openxml4j.opc.PackageRelationshipCollection - Parsing relationship: /xl/worksheets/_rels/sheet1.xml.rels
2025-02-25 23:39:17 - DEBUG - org.apache.poi.openxml4j.opc.PackageRelationshipCollection - Parsing relationship: /_rels/.rels
2025-02-25 23:39:18 - DEBUG - org.apache.poi.openxml4j.opc.PackageRelationshipCollection - Parsing relationship: /xl/_rels/workbook.xml.rels
2025-02-25 23:39:18 - DEBUG - org.apache.poi.openxml4j.opc.PackageRelationshipCollection - Parsing relationship: /xl/worksheets/_rels/sheet1.xml.rels
2025-02-25 23:39:18 - DEBUG - org.apache.poi.openxml4j.opc.PackageRelationshipCollection - Parsing relationship: /_rels/.rels
2025-02-25 23:39:18 - DEBUG - org.apache.poi.openxml4j.opc.PackageRelationshipCollection - Parsing relationship: /xl/_rels/workbook.xml.rels
2025-02-25 23:39:18 - DEBUG - org.apache.poi.openxml4j.opc.PackageRelationshipCollection - Parsing relationship: /xl/worksheets/_rels/sheet1.xml.rels
2025-02-25 23:39:18 - DEBUG - org.apache.poi.openxml4j.opc.PackageRelationshipCollection - Parsing relationship: /_rels/.rels
2025-02-25 23:39:18 - DEBUG - org.apache.poi.openxml4j.opc.PackageRelationshipCollection - Parsing relationship: /xl/_rels/workbook.xml.rels
2025-02-25 23:39:18 - DEBUG - org.apache.poi.openxml4j.opc.PackageRelationshipCollection - Parsing relationship: /xl/worksheets/_rels/sheet1.xml.rels
2025-02-25 23:39:18 - DEBUG - org.apache.poi.openxml4j.opc.PackageRelationshipCollection - Parsing relationship: /_rels/.rels
2025-02-25 23:39:18 - DEBUG - org.apache.poi.openxml4j.opc.PackageRelationshipCollection - Parsing relationship: /xl/_rels/workbook.xml.rels
2025-02-25 23:39:18 - DEBUG - org.apache.poi.openxml4j.opc.PackageRelationshipCollection - Parsing relationship: /xl/worksheets/_rels/sheet1.xml.rels
2025-02-25 23:39:18 - DEBUG - org.apache.poi.openxml4j.opc.PackageRelationshipCollection - Parsing relationship: /_rels/.rels
2025-02-25 23:39:18 - DEBUG - org.apache.poi.openxml4j.opc.PackageRelationshipCollection - Parsing relationship: /xl/_rels/workbook.xml.rels
2025-02-25 23:39:18 - DEBUG - org.apache.poi.openxml4j.opc.PackageRelationshipCollection - Parsing relationship: /xl/worksheets/_rels/sheet1.xml.rels
2025-02-25 23:39:18 - DEBUG - org.apache.poi.openxml4j.opc.PackageRelationshipCollection - Parsing relationship: /_rels/.rels
2025-02-25 23:39:18 - DEBUG - org.apache.poi.openxml4j.opc.PackageRelationshipCollection - Parsing relationship: /xl/_rels/workbook.xml.rels
2025-02-25 23:39:18 - DEBUG - org.apache.poi.openxml4j.opc.PackageRelationshipCollection - Parsing relationship: /xl/worksheets/_rels/sheet1.xml.rels
2025-02-25 23:39:18 - DEBUG - org.apache.poi.openxml4j.opc.PackageRelationshipCollection - Parsing relationship: /_rels/.rels
2025-02-25 23:39:18 - DEBUG - org.apache.poi.openxml4j.opc.PackageRelationshipCollection - Parsing relationship: /xl/_rels/workbook.xml.rels
2025-02-25 23:39:18 - DEBUG - org.apache.poi.openxml4j.opc.PackageRelationshipCollection - Parsing relationship: /xl/worksheets/_rels/sheet1.xml.rels
2025-02-25 23:39:18 - DEBUG - org.apache.poi.openxml4j.opc.PackageRelationshipCollection - Parsing relationship: /_rels/.rels
2025-02-25 23:39:19 - DEBUG - org.apache.poi.openxml4j.opc.PackageRelationshipCollection - Parsing relationship: /xl/_rels/workbook.xml.rels
2025-02-25 23:39:19 - DEBUG - org.apache.poi.openxml4j.opc.PackageRelationshipCollection - Parsing relationship: /xl/worksheets/_rels/sheet1.xml.rels
2025-02-25 23:39:19 - DEBUG - org.apache.poi.openxml4j.opc.PackageRelationshipCollection - Parsing relationship: /_rels/.rels
2025-02-25 23:39:19 - DEBUG - org.apache.poi.openxml4j.opc.PackageRelationshipCollection - Parsing relationship: /xl/_rels/workbook.xml.rels
2025-02-25 23:39:19 - DEBUG - org.apache.poi.openxml4j.opc.PackageRelationshipCollection - Parsing relationship: /xl/worksheets/_rels/sheet1.xml.rels
2025-02-25 23:39:19 - DEBUG - org.apache.poi.openxml4j.opc.PackageRelationshipCollection - Parsing relationship: /_rels/.rels
2025-02-25 23:39:19 - DEBUG - org.apache.poi.openxml4j.opc.PackageRelationshipCollection - Parsing relationship: /xl/_rels/workbook.xml.rels
2025-02-25 23:39:19 - DEBUG - org.apache.poi.openxml4j.opc.PackageRelationshipCollection - Parsing relationship: /xl/worksheets/_rels/sheet1.xml.rels
2025-02-25 23:39:19 - DEBUG - org.apache.poi.openxml4j.opc.PackageRelationshipCollection - Parsing relationship: /_rels/.rels
2025-02-25 23:39:19 - DEBUG - org.apache.poi.openxml4j.opc.PackageRelationshipCollection - Parsing relationship: /xl/_rels/workbook.xml.rels
2025-02-25 23:39:19 - DEBUG - org.apache.poi.openxml4j.opc.PackageRelationshipCollection - Parsing relationship: /xl/worksheets/_rels/sheet1.xml.rels
2025-02-25 23:39:19 - DEBUG - org.apache.poi.openxml4j.opc.PackageRelationshipCollection - Parsing relationship: /_rels/.rels
2025-02-25 23:39:19 - DEBUG - org.apache.poi.openxml4j.opc.PackageRelationshipCollection - Parsing relationship: /xl/_rels/workbook.xml.rels
2025-02-25 23:39:19 - DEBUG - org.apache.poi.openxml4j.opc.PackageRelationshipCollection - Parsing relationship: /xl/worksheets/_rels/sheet1.xml.rels
2025-02-25 23:39:19 - DEBUG - org.apache.poi.openxml4j.opc.PackageRelationshipCollection - Parsing relationship: /_rels/.rels
2025-02-25 23:39:19 - DEBUG - org.apache.poi.openxml4j.opc.PackageRelationshipCollection - Parsing relationship: /xl/_rels/workbook.xml.rels
2025-02-25 23:39:19 - DEBUG - org.apache.poi.openxml4j.opc.PackageRelationshipCollection - Parsing relationship: /xl/worksheets/_rels/sheet1.xml.rels
2025-02-25 23:39:19 - DEBUG - org.apache.poi.openxml4j.opc.PackageRelationshipCollection - Parsing relationship: /_rels/.rels
2025-02-25 23:39:19 - DEBUG - org.apache.poi.openxml4j.opc.PackageRelationshipCollection - Parsing relationship: /xl/_rels/workbook.xml.rels
2025-02-25 23:39:19 - DEBUG - org.apache.poi.openxml4j.opc.PackageRelationshipCollection - Parsing relationship: /xl/worksheets/_rels/sheet1.xml.rels
2025-02-25 23:39:19 - DEBUG - org.apache.poi.openxml4j.opc.PackageRelationshipCollection - Parsing relationship: /_rels/.rels
2025-02-25 23:39:19 - DEBUG - org.apache.poi.openxml4j.opc.PackageRelationshipCollection - Parsing relationship: /xl/_rels/workbook.xml.rels
2025-02-25 23:39:19 - DEBUG - org.apache.poi.openxml4j.opc.PackageRelationshipCollection - Parsing relationship: /xl/worksheets/_rels/sheet1.xml.rels
2025-02-25 23:39:19 - DEBUG - org.apache.poi.openxml4j.opc.PackageRelationshipCollection - Parsing relationship: /_rels/.rels
2025-02-25 23:39:19 - DEBUG - org.apache.poi.openxml4j.opc.PackageRelationshipCollection - Parsing relationship: /xl/_rels/workbook.xml.rels
2025-02-25 23:39:19 - DEBUG - org.apache.poi.openxml4j.opc.PackageRelationshipCollection - Parsing relationship: /xl/worksheets/_rels/sheet1.xml.rels
2025-02-25 23:39:19 - DEBUG - org.apache.poi.openxml4j.opc.PackageRelationshipCollection - Parsing relationship: /_rels/.rels
2025-02-25 23:39:19 - INFO - testCases.TC03_LoginDDT - **** Starting TC03_LoginDDT *****
2025-02-25 23:39:22 - INFO - testCases.TC03_LoginDDT - **** Ending TC03_LoginDDT *****
2025-02-25 23:39:22 - INFO - testCases.TC03_LoginDDT - **** Starting TC03_LoginDDT *****
2025-02-25 23:39:25 - INFO - testCases.TC03_LoginDDT - **** Ending TC03_LoginDDT *****
2025-02-25 23:39:25 - INFO - testCases.TC03_LoginDDT - **** Starting TC03_LoginDDT *****
2025-02-25 23:39:32 - INFO - testCases.TC03_LoginDDT - **** Ending TC03_LoginDDT *****
2025-02-25 23:39:32 - INFO - testCases.TC03_LoginDDT - **** Starting TC03_LoginDDT *****
2025-02-25 23:39:39 - INFO - testCases.TC03_LoginDDT - **** Ending TC03_LoginDDT *****
2025-02-25 23:39:39 - INFO - testCases.TC03_LoginDDT - **** Starting TC03_LoginDDT *****
2025-02-25 23:39:42 - INFO - testCases.TC03_LoginDDT - **** Ending TC03_LoginDDT *****
2025-02-25 23:54:43 - DEBUG - org.apache.poi.openxml4j.opc.PackageRelationshipCollection - Parsing relationship: /xl/_rels/workbook.xml.rels
2025-02-25 23:54:43 - DEBUG - org.apache.poi.openxml4j.opc.PackageRelationshipCollection - Parsing relationship: /xl/worksheets/_rels/sheet1.xml.rels
2025-02-25 23:54:43 - DEBUG - org.apache.poi.openxml4j.opc.PackageRelationshipCollection - Parsing relationship: /_rels/.rels
2025-02-25 23:54:44 - DEBUG - org.apache.poi.openxml4j.opc.PackageRelationshipCollection - Parsing relationship: /xl/_rels/workbook.xml.rels
2025-02-25 23:54:44 - DEBUG - org.apache.poi.openxml4j.opc.PackageRelationshipCollection - Parsing relationship: /xl/worksheets/_rels/sheet1.xml.rels
2025-02-25 23:54:44 - DEBUG - org.apache.poi.openxml4j.opc.PackageRelationshipCollection - Parsing relationship: /_rels/.rels
2025-02-25 23:54:44 - DEBUG - org.apache.poi.openxml4j.opc.PackageRelationshipCollection - Parsing relationship: /xl/_rels/workbook.xml.rels
2025-02-25 23:54:44 - DEBUG - org.apache.poi.openxml4j.opc.PackageRelationshipCollection - Parsing relationship: /xl/worksheets/_rels/sheet1.xml.rels
2025-02-25 23:54:44 - DEBUG - org.apache.poi.openxml4j.opc.PackageRelationshipCollection - Parsing relationship: /_rels/.rels
2025-02-25 23:54:44 - DEBUG - org.apache.poi.openxml4j.opc.PackageRelationshipCollection - Parsing relationship: /xl/_rels/workbook.xml.rels
2025-02-25 23:54:44 - DEBUG - org.apache.poi.openxml4j.opc.PackageRelationshipCollection - Parsing relationship: /xl/worksheets/_rels/sheet1.xml.rels
2025-02-25 23:54:44 - DEBUG - org.apache.poi.openxml4j.opc.PackageRelationshipCollection - Parsing relationship: /_rels/.rels
2025-02-25 23:54:44 - DEBUG - org.apache.poi.openxml4j.opc.PackageRelationshipCollection - Parsing relationship: /xl/_rels/workbook.xml.rels
2025-02-25 23:54:44 - DEBUG - org.apache.poi.openxml4j.opc.PackageRelationshipCollection - Parsing relationship: /xl/worksheets/_rels/sheet1.xml.rels
2025-02-25 23:54:44 - DEBUG - org.apache.poi.openxml4j.opc.PackageRelationshipCollection - Parsing relationship: /_rels/.rels
2025-02-25 23:54:44 - DEBUG - org.apache.poi.openxml4j.opc.PackageRelationshipCollection - Parsing relationship: /xl/_rels/workbook.xml.rels
2025-02-25 23:54:44 - DEBUG - org.apache.poi.openxml4j.opc.PackageRelationshipCollection - Parsing relationship: /xl/worksheets/_rels/sheet1.xml.rels
2025-02-25 23:54:44 - DEBUG - org.apache.poi.openxml4j.opc.PackageRelationshipCollection - Parsing relationship: /_rels/.rels
2025-02-25 23:54:44 - DEBUG - org.apache.poi.openxml4j.opc.PackageRelationshipCollection - Parsing relationship: /xl/_rels/workbook.xml.rels
2025-02-25 23:54:44 - DEBUG - org.apache.poi.openxml4j.opc.PackageRelationshipCollection - Parsing relationship: /xl/worksheets/_rels/sheet1.xml.rels
2025-02-25 23:54:44 - DEBUG - org.apache.poi.openxml4j.opc.PackageRelationshipCollection - Parsing relationship: /_rels/.rels
2025-02-25 23:54:44 - DEBUG - org.apache.poi.openxml4j.opc.PackageRelationshipCollection - Parsing relationship: /xl/_rels/workbook.xml.rels
2025-02-25 23:54:44 - DEBUG - org.apache.poi.openxml4j.opc.PackageRelationshipCollection - Parsing relationship: /xl/worksheets/_rels/sheet1.xml.rels
2025-02-25 23:54:44 - DEBUG - org.apache.poi.openxml4j.opc.PackageRelationshipCollection - Parsing relationship: /_rels/.rels
2025-02-25 23:54:44 - DEBUG - org.apache.poi.openxml4j.opc.PackageRelationshipCollection - Parsing relationship: /xl/_rels/workbook.xml.rels
2025-02-25 23:54:44 - DEBUG - org.apache.poi.openxml4j.opc.PackageRelationshipCollection - Parsing relationship: /xl/worksheets/_rels/sheet1.xml.rels
2025-02-25 23:54:45 - DEBUG - org.apache.poi.openxml4j.opc.PackageRelationshipCollection - Parsing relationship: /_rels/.rels
2025-02-25 23:54:45 - DEBUG - org.apache.poi.openxml4j.opc.PackageRelationshipCollection - Parsing relationship: /xl/_rels/workbook.xml.rels
2025-02-25 23:54:45 - DEBUG - org.apache.poi.openxml4j.opc.PackageRelationshipCollection - Parsing relationship: /xl/worksheets/_rels/sheet1.xml.rels
2025-02-25 23:54:45 - DEBUG - org.apache.poi.openxml4j.opc.PackageRelationshipCollection - Parsing relationship: /_rels/.rels
2025-02-25 23:54:45 - DEBUG - org.apache.poi.openxml4j.opc.PackageRelationshipCollection - Parsing relationship: /xl/_rels/workbook.xml.rels
2025-02-25 23:54:45 - DEBUG - org.apache.poi.openxml4j.opc.PackageRelationshipCollection - Parsing relationship: /xl/worksheets/_rels/sheet1.xml.rels
2025-02-25 23:54:45 - DEBUG - org.apache.poi.openxml4j.opc.PackageRelationshipCollection - Parsing relationship: /_rels/.rels
2025-02-25 23:54:45 - DEBUG - org.apache.poi.openxml4j.opc.PackageRelationshipCollection - Parsing relationship: /xl/_rels/workbook.xml.rels
2025-02-25 23:54:45 - DEBUG - org.apache.poi.openxml4j.opc.PackageRelationshipCollection - Parsing relationship: /xl/worksheets/_rels/sheet1.xml.rels
2025-02-25 23:54:45 - DEBUG - org.apache.poi.openxml4j.opc.PackageRelationshipCollection - Parsing relationship: /_rels/.rels
2025-02-25 23:54:45 - DEBUG - org.apache.poi.openxml4j.opc.PackageRelationshipCollection - Parsing relationship: /xl/_rels/workbook.xml.rels
2025-02-25 23:54:45 - DEBUG - org.apache.poi.openxml4j.opc.PackageRelationshipCollection - Parsing relationship: /xl/worksheets/_rels/sheet1.xml.rels
2025-02-25 23:54:45 - DEBUG - org.apache.poi.openxml4j.opc.PackageRelationshipCollection - Parsing relationship: /_rels/.rels
2025-02-25 23:54:45 - DEBUG - org.apache.poi.openxml4j.opc.PackageRelationshipCollection - Parsing relationship: /xl/_rels/workbook.xml.rels
2025-02-25 23:54:45 - DEBUG - org.apache.poi.openxml4j.opc.PackageRelationshipCollection - Parsing relationship: /xl/worksheets/_rels/sheet1.xml.rels
2025-02-25 23:54:45 - DEBUG - org.apache.poi.openxml4j.opc.PackageRelationshipCollection - Parsing relationship: /_rels/.rels
2025-02-25 23:54:45 - DEBUG - org.apache.poi.openxml4j.opc.PackageRelationshipCollection - Parsing relationship: /xl/_rels/workbook.xml.rels
2025-02-25 23:54:45 - DEBUG - org.apache.poi.openxml4j.opc.PackageRelationshipCollection - Parsing relationship: /xl/worksheets/_rels/sheet1.xml.rels
2025-02-25 23:54:45 - DEBUG - org.apache.poi.openxml4j.opc.PackageRelationshipCollection - Parsing relationship: /_rels/.rels
2025-02-25 23:54:45 - DEBUG - org.apache.poi.openxml4j.opc.PackageRelationshipCollection - Parsing relationship: /xl/_rels/workbook.xml.rels
2025-02-25 23:54:45 - DEBUG - org.apache.poi.openxml4j.opc.PackageRelationshipCollection - Parsing relationship: /xl/worksheets/_rels/sheet1.xml.rels
2025-02-25 23:54:45 - DEBUG - org.apache.poi.openxml4j.opc.PackageRelationshipCollection - Parsing relationship: /_rels/.rels
2025-02-25 23:54:45 - DEBUG - org.apache.poi.openxml4j.opc.PackageRelationshipCollection - Parsing relationship: /xl/_rels/workbook.xml.rels
2025-02-25 23:54:45 - DEBUG - org.apache.poi.openxml4j.opc.PackageRelationshipCollection - Parsing relationship: /xl/worksheets/_rels/sheet1.xml.rels
2025-02-25 23:54:45 - DEBUG - org.apache.poi.openxml4j.opc.PackageRelationshipCollection - Parsing relationship: /_rels/.rels
2025-02-25 23:54:45 - INFO - testCases.TC03_LoginDDT - **** Starting TC03_LoginDDT *****
2025-02-25 23:54:48 - INFO - testCases.TC03_LoginDDT - **** Ending TC03_LoginDDT *****
2025-02-25 23:54:48 - INFO - testCases.TC03_LoginDDT - **** Starting TC03_LoginDDT *****
2025-02-25 23:54:50 - INFO - testCases.TC03_LoginDDT - **** Ending TC03_LoginDDT *****
2025-02-25 23:54:50 - INFO - testCases.TC03_LoginDDT - **** Starting TC03_LoginDDT *****
2025-02-25 23:54:57 - INFO - testCases.TC03_LoginDDT - **** Ending TC03_LoginDDT *****
2025-02-25 23:54:57 - INFO - testCases.TC03_LoginDDT - **** Starting TC03_LoginDDT *****
2025-02-25 23:55:04 - INFO - testCases.TC03_LoginDDT - **** Ending TC03_LoginDDT *****
2025-02-25 23:55:04 - INFO - testCases.TC03_LoginDDT - **** Starting TC03_LoginDDT *****
2025-02-25 23:55:07 - INFO - testCases.TC03_LoginDDT - **** Ending TC03_LoginDDT *****
